<?xml version="1.0" encoding="UTF-8"?>
<!-- Generated by org.testng.reporters.JUnitXMLReporter -->
<testsuite ignored="0" hostname="DESKTOP-GMFKMLC" failures="0" tests="17" name="All Tests" time="206.979" errors="0" timestamp="2025-05-18T03:06:26 IST">
  <testcase classname="tests.HomePageTest" name="runHomePageTest" time="7.669"/>
  <testcase classname="tests.LoginTest" name="runLoginTest" time="18.246"/>
  <testcase classname="tests.RegisterTest" name="runRegisterTest" time="66.926"/>
  <testcase classname="tests.StudentLoginTest" name="runLoginTest" time="13.777"/>
  <testcase classname="tests.StudentMainPageTest" name="runStudentMainPageTest" time="2.288"/>
  <testcase classname="tests.StudentCourseMainTest" name="runStudentCourseMainTest" time="2.223"/>
  <testcase classname="tests.StudentMarksMainTest" name="runStudentMarksMainTest" time="3.192"/>
  <testcase classname="tests.AdminMainPageTest" name="runAdminMainPageTest" time="2.683"/>
  <testcase classname="tests.AdminAddStudentTest" name="runAdminAddStudentTest" time="40.951"/>
  <testcase classname="tests.AdminListStudentTest" name="runAdminListStudentTest" time="2.517"/>
  <testcase classname="tests.AdminSearchStudentTest" name="runAdminSearchStudentTest" time="2.054"/>
  <testcase classname="tests.AdminAddCourseTest" name="runAdminAddCourseTest" time="18.59"/>
  <testcase classname="tests.AdminAssignCourseTest" name="runAdminAssignCourseTest" time="1.796"/>
  <testcase classname="tests.AdminSearchCourseTest" name="runAdminSearchCourseTest" time="2.187"/>
  <testcase classname="tests.AdminMarksMainTest" name="runAdminMarksMainTest" time="2.113"/>
  <testcase classname="tests.AdminEnterMarksTest" name="runAdminEnterMarksTest" time="1.397"/>
  <testcase classname="tests.AdminUpdateMarksTest" name="runAdminUpdateMarksTest" time="2.497"/>
</testsuite> <!-- All Tests -->
